<?xml version="1.0" encoding="UTF-8"?>
<testng-results ignored="0" total="6" passed="6" failed="0" skipped="0">
  <reporter-output>
  </reporter-output>
  <suite started-at="2022-06-23T13:50:28 IST" name="BDDProject" finished-at="2022-06-23T13:51:34 IST" duration-ms="66042">
    <groups>
      <group name="cucumber">
        <method signature="AbstractTestNGCucumberTests.runScenario(io.cucumber.testng.PickleWrapper,io.cucumber.testng.FeatureWrapper)[pri:0, instance:StepDefinitions.RunnerTest@1e6a3214]" name="runScenario" class="io.cucumber.testng.AbstractTestNGCucumberTests"/>
        <method signature="AbstractTestNGCucumberTests.runScenario(io.cucumber.testng.PickleWrapper,io.cucumber.testng.FeatureWrapper)[pri:0, instance:StepDefinitions.RunnerTest@663c9e7a]" name="runScenario" class="io.cucumber.testng.AbstractTestNGCucumberTests"/>
      </group> <!-- cucumber -->
    </groups>
    <test started-at="2022-06-23T13:50:28 IST" name="SM Test - chrome" finished-at="2022-06-23T13:51:34 IST" duration-ms="65959">
      <class name="StepDefinitions.RunnerTest">
        <test-method is-config="true" signature="setUpClass(org.testng.ITestContext)[pri:0, instance:StepDefinitions.RunnerTest@1e6a3214]" started-at="2022-06-23T13:50:28 IST" name="setUpClass" finished-at="2022-06-23T13:50:29 IST" duration-ms="475" status="PASS">
          <params>
            <param index="0">
              <value>
                <![CDATA[org.testng.TestRunner@6f204a1a]]>
              </value>
            </param>
          </params>
          <reporter-output>
          </reporter-output>
        </test-method> <!-- setUpClass -->
        <test-method signature="runScenario(io.cucumber.testng.PickleWrapper,io.cucumber.testng.FeatureWrapper)[pri:0, instance:StepDefinitions.RunnerTest@1e6a3214]" started-at="2022-06-23T13:50:29 IST" name="runScenario" description="Runs Cucumber Scenarios" data-provider="scenarios" finished-at="2022-06-23T13:50:52 IST" duration-ms="23648" status="PASS">
          <params>
            <param index="0">
              <value>
                <![CDATA["To verify is user is able to add product in the cart"]]>
              </value>
            </param>
            <param index="1">
              <value>
                <![CDATA["Optional[Add Product to the cart]"]]>
              </value>
            </param>
          </params>
          <reporter-output>
          </reporter-output>
        </test-method> <!-- runScenario -->
        <test-method signature="runScenario(io.cucumber.testng.PickleWrapper,io.cucumber.testng.FeatureWrapper)[pri:0, instance:StepDefinitions.RunnerTest@1e6a3214]" started-at="2022-06-23T13:50:52 IST" name="runScenario" description="Runs Cucumber Scenarios" data-provider="scenarios" finished-at="2022-06-23T13:51:09 IST" duration-ms="16563" status="PASS">
          <params>
            <param index="0">
              <value>
                <![CDATA["To verify is user is able to add product in the cart"]]>
              </value>
            </param>
            <param index="1">
              <value>
                <![CDATA["Optional[Add Product to the cart]"]]>
              </value>
            </param>
          </params>
          <reporter-output>
          </reporter-output>
        </test-method> <!-- runScenario -->
        <test-method signature="runScenario(io.cucumber.testng.PickleWrapper,io.cucumber.testng.FeatureWrapper)[pri:0, instance:StepDefinitions.RunnerTest@1e6a3214]" started-at="2022-06-23T13:51:09 IST" name="runScenario" description="Runs Cucumber Scenarios" data-provider="scenarios" finished-at="2022-06-23T13:51:33 IST" duration-ms="24468" status="PASS">
          <params>
            <param index="0">
              <value>
                <![CDATA["To verify if user is able to place an order successfully"]]>
              </value>
            </param>
            <param index="1">
              <value>
                <![CDATA["Optional[Order Placement]"]]>
              </value>
            </param>
          </params>
          <reporter-output>
          </reporter-output>
        </test-method> <!-- runScenario -->
        <test-method is-config="true" signature="tearDownClass()[pri:0, instance:StepDefinitions.RunnerTest@1e6a3214]" started-at="2022-06-23T13:51:33 IST" name="tearDownClass" finished-at="2022-06-23T13:51:34 IST" duration-ms="754" status="PASS">
          <reporter-output>
          </reporter-output>
        </test-method> <!-- tearDownClass -->
      </class> <!-- StepDefinitions.RunnerTest -->
    </test> <!-- SM Test - chrome -->
    <test started-at="2022-06-23T13:50:28 IST" name="SM Test - firefox" finished-at="2022-06-23T13:51:34 IST" duration-ms="66042">
      <class name="StepDefinitions.RunnerTest">
        <test-method is-config="true" signature="setUpClass(org.testng.ITestContext)[pri:0, instance:StepDefinitions.RunnerTest@663c9e7a]" started-at="2022-06-23T13:50:28 IST" name="setUpClass" finished-at="2022-06-23T13:50:29 IST" duration-ms="475" status="PASS">
          <params>
            <param index="0">
              <value>
                <![CDATA[org.testng.TestRunner@2de56eb2]]>
              </value>
            </param>
          </params>
          <reporter-output>
          </reporter-output>
        </test-method> <!-- setUpClass -->
        <test-method signature="runScenario(io.cucumber.testng.PickleWrapper,io.cucumber.testng.FeatureWrapper)[pri:0, instance:StepDefinitions.RunnerTest@663c9e7a]" started-at="2022-06-23T13:50:29 IST" name="runScenario" description="Runs Cucumber Scenarios" data-provider="scenarios" finished-at="2022-06-23T13:50:52 IST" duration-ms="22939" status="PASS">
          <params>
            <param index="0">
              <value>
                <![CDATA["To verify is user is able to add product in the cart"]]>
              </value>
            </param>
            <param index="1">
              <value>
                <![CDATA["Optional[Add Product to the cart]"]]>
              </value>
            </param>
          </params>
          <reporter-output>
          </reporter-output>
        </test-method> <!-- runScenario -->
        <test-method signature="runScenario(io.cucumber.testng.PickleWrapper,io.cucumber.testng.FeatureWrapper)[pri:0, instance:StepDefinitions.RunnerTest@663c9e7a]" started-at="2022-06-23T13:50:52 IST" name="runScenario" description="Runs Cucumber Scenarios" data-provider="scenarios" finished-at="2022-06-23T13:51:09 IST" duration-ms="17376" status="PASS">
          <params>
            <param index="0">
              <value>
                <![CDATA["To verify is user is able to add product in the cart"]]>
              </value>
            </param>
            <param index="1">
              <value>
                <![CDATA["Optional[Add Product to the cart]"]]>
              </value>
            </param>
          </params>
          <reporter-output>
          </reporter-output>
        </test-method> <!-- runScenario -->
        <test-method signature="runScenario(io.cucumber.testng.PickleWrapper,io.cucumber.testng.FeatureWrapper)[pri:0, instance:StepDefinitions.RunnerTest@663c9e7a]" started-at="2022-06-23T13:51:09 IST" name="runScenario" description="Runs Cucumber Scenarios" data-provider="scenarios" finished-at="2022-06-23T13:51:34 IST" duration-ms="25151" status="PASS">
          <params>
            <param index="0">
              <value>
                <![CDATA["To verify if user is able to place an order successfully"]]>
              </value>
            </param>
            <param index="1">
              <value>
                <![CDATA["Optional[Order Placement]"]]>
              </value>
            </param>
          </params>
          <reporter-output>
          </reporter-output>
        </test-method> <!-- runScenario -->
        <test-method is-config="true" signature="tearDownClass()[pri:0, instance:StepDefinitions.RunnerTest@663c9e7a]" started-at="2022-06-23T13:51:34 IST" name="tearDownClass" finished-at="2022-06-23T13:51:34 IST" duration-ms="55" status="PASS">
          <reporter-output>
          </reporter-output>
        </test-method> <!-- tearDownClass -->
      </class> <!-- StepDefinitions.RunnerTest -->
    </test> <!-- SM Test - firefox -->
  </suite> <!-- BDDProject -->
</testng-results>
